Traceback (most recent call last):
  File "/home/squarey/Desktop/serving/station_checks/whatsapp_scraper/continuous_scrape.py", line 9, in <module>
    from link_device import link_device
  File "/home/squarey/Desktop/serving/station_checks/whatsapp_scraper/link_device.py", line 4, in <module>
    from selenium import webdriver
ModuleNotFoundError: No module named 'selenium'
Traceback (most recent call last):
  File "/home/squarey/Desktop/serving/station_checks/whatsapp_scraper/continuous_scrape.py", line 9, in <module>
    from link_device import link_device
  File "/home/squarey/Desktop/serving/station_checks/whatsapp_scraper/link_device.py", line 4, in <module>
    from selenium import webdriver
ModuleNotFoundError: No module named 'selenium'
Traceback (most recent call last):
  File "/home/squarey/Desktop/serving/station_checks/whatsapp_scraper/continuous_scrape.py", line 9, in <module>
    from link_device import link_device
  File "/home/squarey/Desktop/serving/station_checks/whatsapp_scraper/link_device.py", line 4, in <module>
    from selenium import webdriver
ModuleNotFoundError: No module named 'selenium'
Traceback (most recent call last):
  File "/home/squarey/Desktop/serving/station_checks/whatsapp_scraper/continuous_scrape.py", line 9, in <module>
    from link_device import link_device
  File "/home/squarey/Desktop/serving/station_checks/whatsapp_scraper/link_device.py", line 4, in <module>
    from selenium import webdriver
ModuleNotFoundError: No module named 'selenium'
Traceback (most recent call last):
  File "/home/squarey/Desktop/serving/station_checks/whatsapp_scraper/continuous_scrape.py", line 9, in <module>
    from link_device import link_device
  File "/home/squarey/Desktop/serving/station_checks/whatsapp_scraper/link_device.py", line 4, in <module>
    from selenium import webdriver
ModuleNotFoundError: No module named 'selenium'
Traceback (most recent call last):
  File "/home/squarey/Desktop/serving/station_checks/whatsapp_scraper/continuous_scrape.py", line 9, in <module>
    from link_device import link_device
  File "/home/squarey/Desktop/serving/station_checks/whatsapp_scraper/link_device.py", line 4, in <module>
    from selenium import webdriver
ModuleNotFoundError: No module named 'selenium'
Traceback (most recent call last):
  File "/home/squarey/Desktop/serving/station_checks/whatsapp_scraper/continuous_scrape.py", line 9, in <module>
    from link_device import link_device
  File "/home/squarey/Desktop/serving/station_checks/whatsapp_scraper/link_device.py", line 4, in <module>
    from selenium import webdriver
ModuleNotFoundError: No module named 'selenium'
Traceback (most recent call last):
  File "/home/squarey/Desktop/serving/station_checks/whatsapp_scraper/continuous_scrape.py", line 9, in <module>
    from link_device import link_device
  File "/home/squarey/Desktop/serving/station_checks/whatsapp_scraper/link_device.py", line 4, in <module>
    from selenium import webdriver
ModuleNotFoundError: No module named 'selenium'
Traceback (most recent call last):
  File "/home/squarey/Desktop/serving/station_checks/whatsapp_scraper/continuous_scrape.py", line 9, in <module>
    from link_device import link_device
  File "/home/squarey/Desktop/serving/station_checks/whatsapp_scraper/link_device.py", line 4, in <module>
    from selenium import webdriver
ModuleNotFoundError: No module named 'selenium'
Traceback (most recent call last):
  File "/home/squarey/Desktop/serving/station_checks/whatsapp_scraper/continuous_scrape.py", line 9, in <module>
    from link_device import link_device
  File "/home/squarey/Desktop/serving/station_checks/whatsapp_scraper/link_device.py", line 4, in <module>
    from selenium import webdriver
ModuleNotFoundError: No module named 'selenium'
Traceback (most recent call last):
  File "/home/squarey/Desktop/serving/station_checks/whatsapp_scraper/continuous_scrape.py", line 11, in <module>
    from link_device import link_device
  File "/home/squarey/Desktop/serving/station_checks/whatsapp_scraper/link_device.py", line 4, in <module>
    from selenium import webdriver
ModuleNotFoundError: No module named 'selenium'
Traceback (most recent call last):
  File "/home/squarey/Desktop/serving/station_checks/whatsapp_scraper/continuous_scrape.py", line 11, in <module>
    from link_device import link_device
  File "/home/squarey/Desktop/serving/station_checks/whatsapp_scraper/link_device.py", line 4, in <module>
    from selenium import webdriver
ModuleNotFoundError: No module named 'selenium'
Traceback (most recent call last):
  File "/home/squarey/Desktop/serving/station_checks/whatsapp_scraper/continuous_scrape.py", line 11, in <module>
    from link_device import link_device
  File "/home/squarey/Desktop/serving/station_checks/whatsapp_scraper/link_device.py", line 4, in <module>
    from selenium import webdriver
ModuleNotFoundError: No module named 'selenium'
Traceback (most recent call last):
  File "/home/squarey/Desktop/serving/station_checks/whatsapp_scraper/continuous_scrape.py", line 11, in <module>
    from link_device import link_device
  File "/home/squarey/Desktop/serving/station_checks/whatsapp_scraper/link_device.py", line 4, in <module>
    from selenium import webdriver
ModuleNotFoundError: No module named 'selenium'
Traceback (most recent call last):
  File "/home/squarey/Desktop/serving/station_checks/whatsapp_scraper/continuous_scrape.py", line 11, in <module>
    from link_device import link_device
  File "/home/squarey/Desktop/serving/station_checks/whatsapp_scraper/link_device.py", line 4, in <module>
    from selenium import webdriver
ModuleNotFoundError: No module named 'selenium'
Traceback (most recent call last):
  File "/home/squarey/Desktop/serving/station_checks/whatsapp_scraper/continuous_scrape.py", line 11, in <module>
    from link_device import link_device
  File "/home/squarey/Desktop/serving/station_checks/whatsapp_scraper/link_device.py", line 4, in <module>
    from selenium import webdriver
ModuleNotFoundError: No module named 'selenium'
Traceback (most recent call last):
  File "/home/squarey/Desktop/serving/station_checks/whatsapp_scraper/continuous_scrape.py", line 11, in <module>
    from link_device import link_device
  File "/home/squarey/Desktop/serving/station_checks/whatsapp_scraper/link_device.py", line 4, in <module>
    from selenium import webdriver
ModuleNotFoundError: No module named 'selenium'
Traceback (most recent call last):
  File "/home/squarey/Desktop/serving/station_checks/whatsapp_scraper/continuous_scrape.py", line 11, in <module>
    from link_device import link_device
  File "/home/squarey/Desktop/serving/station_checks/whatsapp_scraper/link_device.py", line 4, in <module>
    from selenium import webdriver
ModuleNotFoundError: No module named 'selenium'
Traceback (most recent call last):
  File "/home/squarey/Desktop/serving/station_checks/whatsapp_scraper/continuous_scrape.py", line 11, in <module>
    from link_device import link_device
  File "/home/squarey/Desktop/serving/station_checks/whatsapp_scraper/link_device.py", line 4, in <module>
    from selenium import webdriver
ModuleNotFoundError: No module named 'selenium'
Traceback (most recent call last):
  File "/home/squarey/Desktop/serving/station_checks/whatsapp_scraper/continuous_scrape.py", line 11, in <module>
    from link_device import link_device
  File "/home/squarey/Desktop/serving/station_checks/whatsapp_scraper/link_device.py", line 4, in <module>
    from selenium import webdriver
ModuleNotFoundError: No module named 'selenium'
Traceback (most recent call last):
  File "/home/squarey/Desktop/serving/station_checks/whatsapp_scraper/continuous_scrape.py", line 11, in <module>
    from link_device import link_device
  File "/home/squarey/Desktop/serving/station_checks/whatsapp_scraper/link_device.py", line 4, in <module>
    from selenium import webdriver
ModuleNotFoundError: No module named 'selenium'
Traceback (most recent call last):
  File "/home/squarey/Desktop/serving/station_checks/whatsapp_scraper/continuous_scrape.py", line 11, in <module>
    from link_device import link_device
  File "/home/squarey/Desktop/serving/station_checks/whatsapp_scraper/link_device.py", line 4, in <module>
    from selenium import webdriver
ModuleNotFoundError: No module named 'selenium'
Traceback (most recent call last):
  File "/home/squarey/Desktop/serving/station_checks/whatsapp_scraper/continuous_scrape.py", line 11, in <module>
    from link_device import link_device
  File "/home/squarey/Desktop/serving/station_checks/whatsapp_scraper/link_device.py", line 4, in <module>
    from selenium import webdriver
ModuleNotFoundError: No module named 'selenium'
Traceback (most recent call last):
  File "/home/squarey/Desktop/serving/station_checks/whatsapp_scraper/continuous_scrape.py", line 11, in <module>
    from link_device import link_device
  File "/home/squarey/Desktop/serving/station_checks/whatsapp_scraper/link_device.py", line 5, in <module>
    from selenium import webdriver
ModuleNotFoundError: No module named 'selenium'
Traceback (most recent call last):
  File "/home/squarey/Desktop/serving/station_checks/whatsapp_scraper/continuous_scrape.py", line 11, in <module>
    from link_device import link_device
  File "/home/squarey/Desktop/serving/station_checks/whatsapp_scraper/link_device.py", line 5, in <module>
    from selenium import webdriver
ModuleNotFoundError: No module named 'selenium'
Traceback (most recent call last):
  File "/home/squarey/Desktop/serving/station_checks/whatsapp_scraper/continuous_scrape.py", line 11, in <module>
    from link_device import link_device
  File "/home/squarey/Desktop/serving/station_checks/whatsapp_scraper/link_device.py", line 5, in <module>
    from selenium import webdriver
ModuleNotFoundError: No module named 'selenium'
Traceback (most recent call last):
  File "/home/squarey/Desktop/serving/station_checks/whatsapp_scraper/continuous_scrape.py", line 11, in <module>
    from link_device import link_device
  File "/home/squarey/Desktop/serving/station_checks/whatsapp_scraper/link_device.py", line 5, in <module>
    from selenium import webdriver
ModuleNotFoundError: No module named 'selenium'
Traceback (most recent call last):
  File "/home/squarey/Desktop/serving/station_checks/whatsapp_scraper/continuous_scrape.py", line 11, in <module>
    from link_device import link_device
  File "/home/squarey/Desktop/serving/station_checks/whatsapp_scraper/link_device.py", line 5, in <module>
    from selenium import webdriver
ModuleNotFoundError: No module named 'selenium'
Traceback (most recent call last):
  File "/home/squarey/Desktop/serving/station_checks/whatsapp_scraper/continuous_scrape.py", line 11, in <module>
    from link_device import link_device
  File "/home/squarey/Desktop/serving/station_checks/whatsapp_scraper/link_device.py", line 5, in <module>
    from selenium import webdriver
ModuleNotFoundError: No module named 'selenium'
Traceback (most recent call last):
  File "/home/squarey/Desktop/serving/station_checks/whatsapp_scraper/continuous_scrape.py", line 11, in <module>
    from link_device import link_device
  File "/home/squarey/Desktop/serving/station_checks/whatsapp_scraper/link_device.py", line 5, in <module>
    from selenium import webdriver
ModuleNotFoundError: No module named 'selenium'
Traceback (most recent call last):
  File "/home/squarey/Desktop/serving/station_checks/whatsapp_scraper/continuous_scrape.py", line 11, in <module>
    from link_device import link_device
  File "/home/squarey/Desktop/serving/station_checks/whatsapp_scraper/link_device.py", line 5, in <module>
    from selenium import webdriver
ModuleNotFoundError: No module named 'selenium'
Traceback (most recent call last):
  File "/home/squarey/Desktop/serving/station_checks/whatsapp_scraper/continuous_scrape.py", line 11, in <module>
    from link_device import link_device
  File "/home/squarey/Desktop/serving/station_checks/whatsapp_scraper/link_device.py", line 5, in <module>
    from selenium import webdriver
ModuleNotFoundError: No module named 'selenium'
Traceback (most recent call last):
  File "/home/squarey/Desktop/serving/station_checks/whatsapp_scraper/continuous_scrape.py", line 11, in <module>
    from link_device import link_device
  File "/home/squarey/Desktop/serving/station_checks/whatsapp_scraper/link_device.py", line 5, in <module>
    from selenium import webdriver
ModuleNotFoundError: No module named 'selenium'
Traceback (most recent call last):
  File "/home/squarey/Desktop/serving/station_checks/whatsapp_scraper/continuous_scrape.py", line 11, in <module>
    from link_device import link_device
  File "/home/squarey/Desktop/serving/station_checks/whatsapp_scraper/link_device.py", line 5, in <module>
    from selenium import webdriver
ModuleNotFoundError: No module named 'selenium'
Traceback (most recent call last):
  File "/home/squarey/Desktop/serving/station_checks/whatsapp_scraper/continuous_scrape.py", line 11, in <module>
    from link_device import link_device
  File "/home/squarey/Desktop/serving/station_checks/whatsapp_scraper/link_device.py", line 5, in <module>
    from selenium import webdriver
ModuleNotFoundError: No module named 'selenium'
Traceback (most recent call last):
  File "/home/squarey/Desktop/serving/station_checks/whatsapp_scraper/continuous_scrape.py", line 11, in <module>
    from link_device import link_device
  File "/home/squarey/Desktop/serving/station_checks/whatsapp_scraper/link_device.py", line 5, in <module>
    from selenium import webdriver
ModuleNotFoundError: No module named 'selenium'
Traceback (most recent call last):
  File "/home/squarey/Desktop/serving/station_checks/whatsapp_scraper/continuous_scrape.py", line 11, in <module>
    from link_device import link_device
  File "/home/squarey/Desktop/serving/station_checks/whatsapp_scraper/link_device.py", line 5, in <module>
    from selenium import webdriver
ModuleNotFoundError: No module named 'selenium'
Traceback (most recent call last):
  File "/home/squarey/Desktop/serving/station_checks/whatsapp_scraper/continuous_scrape.py", line 11, in <module>
    from link_device import link_device
  File "/home/squarey/Desktop/serving/station_checks/whatsapp_scraper/link_device.py", line 5, in <module>
    from selenium import webdriver
ModuleNotFoundError: No module named 'selenium'
Traceback (most recent call last):
  File "/home/squarey/Desktop/serving/station_checks/whatsapp_scraper/continuous_scrape.py", line 11, in <module>
    from link_device import link_device
  File "/home/squarey/Desktop/serving/station_checks/whatsapp_scraper/link_device.py", line 5, in <module>
    from selenium import webdriver
ModuleNotFoundError: No module named 'selenium'
Traceback (most recent call last):
  File "/home/squarey/Desktop/serving/station_checks/whatsapp_scraper/continuous_scrape.py", line 11, in <module>
    from link_device import link_device
  File "/home/squarey/Desktop/serving/station_checks/whatsapp_scraper/link_device.py", line 5, in <module>
    from selenium import webdriver
ModuleNotFoundError: No module named 'selenium'
Traceback (most recent call last):
  File "/home/squarey/Desktop/serving/station_checks/whatsapp_scraper/continuous_scrape.py", line 11, in <module>
    from link_device import link_device
  File "/home/squarey/Desktop/serving/station_checks/whatsapp_scraper/link_device.py", line 5, in <module>
    from selenium import webdriver
ModuleNotFoundError: No module named 'selenium'
Traceback (most recent call last):
  File "/home/squarey/Desktop/serving/station_checks/whatsapp_scraper/continuous_scrape.py", line 11, in <module>
    from link_device import link_device
  File "/home/squarey/Desktop/serving/station_checks/whatsapp_scraper/link_device.py", line 5, in <module>
    from selenium import webdriver
ModuleNotFoundError: No module named 'selenium'
Traceback (most recent call last):
  File "/home/squarey/Desktop/serving/station_checks/whatsapp_scraper/continuous_scrape.py", line 11, in <module>
    from link_device import link_device
  File "/home/squarey/Desktop/serving/station_checks/whatsapp_scraper/link_device.py", line 5, in <module>
    from selenium import webdriver
ModuleNotFoundError: No module named 'selenium'
Traceback (most recent call last):
  File "/home/squarey/Desktop/serving/station_checks/whatsapp_scraper/continuous_scrape.py", line 11, in <module>
    from link_device import link_device
  File "/home/squarey/Desktop/serving/station_checks/whatsapp_scraper/link_device.py", line 5, in <module>
    from selenium import webdriver
ModuleNotFoundError: No module named 'selenium'
Traceback (most recent call last):
  File "/home/squarey/Desktop/serving/station_checks/whatsapp_scraper/continuous_scrape.py", line 11, in <module>
    from link_device import link_device
  File "/home/squarey/Desktop/serving/station_checks/whatsapp_scraper/link_device.py", line 5, in <module>
    from selenium import webdriver
ModuleNotFoundError: No module named 'selenium'
Traceback (most recent call last):
  File "/home/squarey/Desktop/serving/station_checks/whatsapp_scraper/continuous_scrape.py", line 11, in <module>
    from link_device import link_device
  File "/home/squarey/Desktop/serving/station_checks/whatsapp_scraper/link_device.py", line 5, in <module>
    from selenium import webdriver
ModuleNotFoundError: No module named 'selenium'
Traceback (most recent call last):
  File "/home/squarey/Desktop/serving/station_checks/whatsapp_scraper/continuous_scrape.py", line 11, in <module>
    from link_device import link_device
  File "/home/squarey/Desktop/serving/station_checks/whatsapp_scraper/link_device.py", line 5, in <module>
    from selenium import webdriver
ModuleNotFoundError: No module named 'selenium'
Traceback (most recent call last):
  File "/home/squarey/Desktop/serving/station_checks/whatsapp_scraper/continuous_scrape.py", line 11, in <module>
    from link_device import link_device
  File "/home/squarey/Desktop/serving/station_checks/whatsapp_scraper/link_device.py", line 5, in <module>
    from selenium import webdriver
ModuleNotFoundError: No module named 'selenium'
Traceback (most recent call last):
  File "/home/squarey/Desktop/serving/station_checks/whatsapp_scraper/continuous_scrape.py", line 11, in <module>
    from link_device import link_device
  File "/home/squarey/Desktop/serving/station_checks/whatsapp_scraper/link_device.py", line 5, in <module>
    from selenium import webdriver
ModuleNotFoundError: No module named 'selenium'
Traceback (most recent call last):
  File "/home/squarey/Desktop/serving/station_checks/whatsapp_scraper/continuous_scrape.py", line 11, in <module>
    from link_device import link_device
  File "/home/squarey/Desktop/serving/station_checks/whatsapp_scraper/link_device.py", line 5, in <module>
    from selenium import webdriver
ModuleNotFoundError: No module named 'selenium'
Traceback (most recent call last):
  File "/home/squarey/Desktop/serving/station_checks/whatsapp_scraper/continuous_scrape.py", line 11, in <module>
    from link_device import link_device
  File "/home/squarey/Desktop/serving/station_checks/whatsapp_scraper/link_device.py", line 5, in <module>
    from selenium import webdriver
ModuleNotFoundError: No module named 'selenium'
Traceback (most recent call last):
  File "/home/squarey/Desktop/serving/station_checks/whatsapp_scraper/continuous_scrape.py", line 11, in <module>
    from link_device import link_device
  File "/home/squarey/Desktop/serving/station_checks/whatsapp_scraper/link_device.py", line 5, in <module>
    from selenium import webdriver
ModuleNotFoundError: No module named 'selenium'
Traceback (most recent call last):
  File "/home/squarey/Desktop/serving/station_checks/whatsapp_scraper/continuous_scrape.py", line 11, in <module>
    from link_device import link_device
  File "/home/squarey/Desktop/serving/station_checks/whatsapp_scraper/link_device.py", line 5, in <module>
    from selenium import webdriver
ModuleNotFoundError: No module named 'selenium'
Traceback (most recent call last):
  File "/home/squarey/Desktop/serving/station_checks/whatsapp_scraper/continuous_scrape.py", line 11, in <module>
    from link_device import link_device
  File "/home/squarey/Desktop/serving/station_checks/whatsapp_scraper/link_device.py", line 5, in <module>
    from selenium import webdriver
ModuleNotFoundError: No module named 'selenium'
Traceback (most recent call last):
  File "/home/squarey/Desktop/serving/station_checks/whatsapp_scraper/continuous_scrape.py", line 11, in <module>
    from link_device import link_device
  File "/home/squarey/Desktop/serving/station_checks/whatsapp_scraper/link_device.py", line 5, in <module>
    from selenium import webdriver
ModuleNotFoundError: No module named 'selenium'
Traceback (most recent call last):
  File "/home/squarey/Desktop/serving/station_checks/whatsapp_scraper/continuous_scrape.py", line 11, in <module>
    from link_device import link_device
  File "/home/squarey/Desktop/serving/station_checks/whatsapp_scraper/link_device.py", line 5, in <module>
    from selenium import webdriver
ModuleNotFoundError: No module named 'selenium'
Traceback (most recent call last):
  File "/home/squarey/Desktop/serving/station_checks/whatsapp_scraper/continuous_scrape.py", line 11, in <module>
    from link_device import link_device
  File "/home/squarey/Desktop/serving/station_checks/whatsapp_scraper/link_device.py", line 5, in <module>
    from selenium import webdriver
ModuleNotFoundError: No module named 'selenium'
Traceback (most recent call last):
  File "/home/squarey/Desktop/serving/station_checks/whatsapp_scraper/continuous_scrape.py", line 11, in <module>
    from link_device import link_device
  File "/home/squarey/Desktop/serving/station_checks/whatsapp_scraper/link_device.py", line 5, in <module>
    from selenium import webdriver
ModuleNotFoundError: No module named 'selenium'
